<?xml version="1.0" encoding="UTF-8"?>
<testsuite xmlns:xsi="http://www.w3.org/2001/XMLSchema-instance" xsi:noNamespaceSchemaLocation="https://maven.apache.org/surefire/maven-surefire-plugin/xsd/surefire-test-report.xsd" name="com.example.CalculatorTest" time="0.046" tests="4" errors="0" skipped="0" failures="0">
  <properties>
[...]
</properties>
  <testcase name="testMultiplication" classname="com.example.CalculatorTest" time="0.029"/>
  <testcase name="testAddition" classname="com.example.CalculatorTest" time="0.001"/>
  <testcase name="testDivision" classname="com.example.CalculatorTest" time="0.003"/>
  <testcase name="testSubtraction" classname="com.example.CalculatorTest" time="0.001"/>
</testsuite>